/*C36*/SET SCHEMA PUBLIC
alter table TB_CONTATO drop constraint FKtkoytlfhy605emsn88ckhpqwx
drop table TB_CONTATO if exists
drop table TB_OPERADORA if exists
drop table TB_USUARIO if exists
create table TB_CONTATO (ID_CONTATO integer generated by default as identity (start with 1), DT_ANIVERSARIO date, NU_FONE varchar(255), NM_CONTATO varchar(255), ID_OPERADORA integer, primary key (ID_CONTATO))
create table TB_OPERADORA (ID_OPERADORA integer generated by default as identity (start with 1), NM_OPERADORA varchar(255), NU_PREFIXO integer, primary key (ID_OPERADORA))
create table TB_USUARIO (NU_ID integer generated by default as identity (start with 1), ST_ATIVO boolean, DS_EMAIL varchar(255), DS_NOME varchar(255), DS_SENHA varchar(255), primary key (NU_ID))
alter table TB_CONTATO add constraint FKtkoytlfhy605emsn88ckhpqwx foreign key (ID_OPERADORA) references TB_OPERADORA
INSERT INTO TB_OPERADORA VALUES(1,'Oi',31)
INSERT INTO TB_OPERADORA VALUES(2,'Vivo',53)
INSERT INTO TB_OPERADORA VALUES(3,'Claro',41)
COMMIT
/*C37*/SET SCHEMA PUBLIC
INSERT INTO TB_CONTATO VALUES(1,'2016-11-08','3422-9900','Jose Carlos da Silva',1)
INSERT INTO TB_CONTATO VALUES(2,'2016-11-08','3662-5536','Maria Clara dos Santos',2)
INSERT INTO TB_CONTATO VALUES(3,'2016-11-08','3556-8433','Joao Firmino da Costa',1)
INSERT INTO TB_CONTATO VALUES(4,'2016-11-08','3417-4237','Priscila Almeida Pontes',3)
INSERT INTO TB_CONTATO VALUES(5,'2016-11-08','3417-4645','Walter Pontes Fontes',2)
INSERT INTO TB_CONTATO VALUES(6,'2016-11-08','9888-4099','Amanda Correia Lima',2)
INSERT INTO TB_CONTATO VALUES(7,'2016-11-08','98388-4787','Rogerio Nunes',1)
INSERT INTO TB_CONTATO VALUES(8,'2016-11-08','98747-4849','Carol Soares Barbosa',3)
INSERT INTO TB_CONTATO VALUES(9,'2016-11-08','98821-4899','Cesar Ferreira da Silva',1)
INSERT INTO TB_CONTATO VALUES(10,'2016-11-08','94432-0199','Natalia Seixas Gomes',2)
COMMIT
DISCONNECT
/*C36*/DISCONNECT
/*C38*/SET SCHEMA PUBLIC
DISCONNECT
/*C39*/SET SCHEMA PUBLIC
DISCONNECT
/*C40*/SET SCHEMA PUBLIC
DISCONNECT
/*C41*/SET SCHEMA PUBLIC
DISCONNECT
/*C42*/SET SCHEMA PUBLIC
DISCONNECT
/*C43*/SET SCHEMA PUBLIC
DISCONNECT
/*C44*/SET SCHEMA PUBLIC
DISCONNECT
/*C45*/SET SCHEMA PUBLIC
DISCONNECT
/*C46*/SET SCHEMA PUBLIC
DISCONNECT
/*C47*/SET SCHEMA PUBLIC
DISCONNECT
/*C48*/SET SCHEMA PUBLIC
DISCONNECT
/*C49*/SET SCHEMA PUBLIC
DISCONNECT
/*C50*/SET SCHEMA PUBLIC
DISCONNECT
/*C51*/SET SCHEMA PUBLIC
DISCONNECT
/*C52*/SET SCHEMA PUBLIC
DISCONNECT
/*C53*/SET SCHEMA PUBLIC
DISCONNECT
/*C54*/SET SCHEMA PUBLIC
DISCONNECT
/*C55*/SET SCHEMA PUBLIC
DISCONNECT
/*C56*/SET SCHEMA PUBLIC
DISCONNECT
/*C57*/SET SCHEMA PUBLIC
DISCONNECT
/*C58*/SET SCHEMA PUBLIC
DISCONNECT
/*C59*/SET SCHEMA PUBLIC
DISCONNECT
/*C60*/SET SCHEMA PUBLIC
DISCONNECT
/*C61*/SET SCHEMA PUBLIC
DISCONNECT
/*C62*/SET SCHEMA PUBLIC
DISCONNECT
/*C63*/SET SCHEMA PUBLIC
DISCONNECT
/*C64*/SET SCHEMA PUBLIC
DISCONNECT
/*C65*/SET SCHEMA PUBLIC
DISCONNECT
/*C66*/SET SCHEMA PUBLIC
DISCONNECT
/*C67*/SET SCHEMA PUBLIC
INSERT INTO TB_CONTATO VALUES(11,'1991-08-09','88888888','Marianna',NULL)
COMMIT
INSERT INTO TB_CONTATO VALUES(12,'1991-08-09','8888888','Marianna',NULL)
COMMIT
DISCONNECT
/*C68*/SET SCHEMA PUBLIC
DISCONNECT
/*C69*/SET SCHEMA PUBLIC
INSERT INTO TB_CONTATO VALUES(13,'1989-10-09','998691379','Joff',NULL)
COMMIT
DISCONNECT
/*C70*/SET SCHEMA PUBLIC
DISCONNECT
/*C71*/SET SCHEMA PUBLIC
DISCONNECT
/*C72*/SET SCHEMA PUBLIC
DISCONNECT
/*C73*/SET SCHEMA PUBLIC
DISCONNECT
/*C74*/SET SCHEMA PUBLIC
DISCONNECT
/*C75*/SET SCHEMA PUBLIC
DISCONNECT
/*C76*/SET SCHEMA PUBLIC
DISCONNECT
/*C77*/SET SCHEMA PUBLIC
DISCONNECT
/*C78*/SET SCHEMA PUBLIC
INSERT INTO TB_CONTATO VALUES(14,'2016-11-08','3422-9900','Jose Carlos da Silva',NULL)
COMMIT
INSERT INTO TB_CONTATO VALUES(15,'1989-10-09','998691379','Joff',NULL)
COMMIT
INSERT INTO TB_CONTATO VALUES(16,'1989-10-09','998691379','Joff',NULL)
COMMIT
INSERT INTO TB_CONTATO VALUES(17,'1989-10-09','998691379','Joff',NULL)
COMMIT
/*C79*/SET SCHEMA PUBLIC
DISCONNECT
/*C78*/DISCONNECT
/*C80*/SET SCHEMA PUBLIC
DISCONNECT
/*C81*/SET SCHEMA PUBLIC
DISCONNECT
/*C82*/SET SCHEMA PUBLIC
DISCONNECT
/*C84*/SET SCHEMA PUBLIC
DISCONNECT
/*C85*/SET SCHEMA PUBLIC
DISCONNECT
/*C83*/SET SCHEMA PUBLIC
DISCONNECT
/*C86*/SET SCHEMA PUBLIC
DISCONNECT
/*C87*/SET SCHEMA PUBLIC
INSERT INTO TB_CONTATO VALUES(18,'1989-10-09','83999478050','Joffily Ferreira',NULL)
COMMIT
/*C88*/SET SCHEMA PUBLIC
DISCONNECT
/*C87*/DISCONNECT
/*C89*/SET SCHEMA PUBLIC
DISCONNECT
/*C90*/SET SCHEMA PUBLIC
DISCONNECT
/*C91*/SET SCHEMA PUBLIC
DISCONNECT
/*C92*/SET SCHEMA PUBLIC
DISCONNECT
/*C93*/SET SCHEMA PUBLIC
DISCONNECT
/*C94*/SET SCHEMA PUBLIC
DISCONNECT
/*C95*/SET SCHEMA PUBLIC
INSERT INTO TB_CONTATO VALUES(19,'1991-08-09','83999478050','Novo',1)
COMMIT
DISCONNECT
/*C96*/SET SCHEMA PUBLIC
INSERT INTO TB_CONTATO VALUES(20,'1991-08-09','88888888','Novo novinho',1)
COMMIT
DISCONNECT
/*C97*/SET SCHEMA PUBLIC
DISCONNECT
/*C98*/SET SCHEMA PUBLIC
DISCONNECT
/*C99*/SET SCHEMA PUBLIC
DISCONNECT
/*C100*/SET SCHEMA PUBLIC
DISCONNECT
/*C101*/SET SCHEMA PUBLIC
DISCONNECT
/*C102*/SET SCHEMA PUBLIC
DISCONNECT
/*C103*/SET SCHEMA PUBLIC
DISCONNECT
/*C104*/SET SCHEMA PUBLIC
DISCONNECT
/*C105*/SET SCHEMA PUBLIC
DISCONNECT
/*C106*/SET SCHEMA PUBLIC
DISCONNECT
/*C108*/SET SCHEMA PUBLIC
DISCONNECT
/*C107*/SET SCHEMA PUBLIC
DISCONNECT
/*C109*/SET SCHEMA PUBLIC
DISCONNECT
/*C110*/SET SCHEMA PUBLIC
DISCONNECT
/*C111*/SET SCHEMA PUBLIC
DISCONNECT
/*C112*/SET SCHEMA PUBLIC
DISCONNECT
/*C113*/SET SCHEMA PUBLIC
DISCONNECT
/*C115*/SET SCHEMA PUBLIC
DISCONNECT
/*C116*/SET SCHEMA PUBLIC
DISCONNECT
/*C114*/SET SCHEMA PUBLIC
DISCONNECT
/*C117*/SET SCHEMA PUBLIC
DISCONNECT
/*C118*/SET SCHEMA PUBLIC
DISCONNECT
/*C119*/SET SCHEMA PUBLIC
DISCONNECT
/*C120*/SET SCHEMA PUBLIC
DISCONNECT
/*C121*/SET SCHEMA PUBLIC
DISCONNECT
/*C122*/SET SCHEMA PUBLIC
DISCONNECT
/*C123*/SET SCHEMA PUBLIC
DISCONNECT
/*C124*/SET SCHEMA PUBLIC
DISCONNECT
/*C125*/SET SCHEMA PUBLIC
DISCONNECT
/*C126*/SET SCHEMA PUBLIC
DISCONNECT
/*C127*/SET SCHEMA PUBLIC
DISCONNECT
/*C128*/SET SCHEMA PUBLIC
DISCONNECT
/*C129*/SET SCHEMA PUBLIC
DISCONNECT
/*C130*/SET SCHEMA PUBLIC
DISCONNECT
/*C131*/SET SCHEMA PUBLIC
DISCONNECT
/*C132*/SET SCHEMA PUBLIC
DISCONNECT
/*C133*/SET SCHEMA PUBLIC
DISCONNECT
/*C134*/SET SCHEMA PUBLIC
DISCONNECT
/*C135*/SET SCHEMA PUBLIC
DISCONNECT
/*C136*/SET SCHEMA PUBLIC
DISCONNECT
/*C137*/SET SCHEMA PUBLIC
DISCONNECT
/*C138*/SET SCHEMA PUBLIC
DISCONNECT
/*C139*/SET SCHEMA PUBLIC
DISCONNECT
/*C140*/SET SCHEMA PUBLIC
DISCONNECT
/*C141*/SET SCHEMA PUBLIC
DISCONNECT
/*C142*/SET SCHEMA PUBLIC
DISCONNECT
/*C143*/SET SCHEMA PUBLIC
DISCONNECT
/*C144*/SET SCHEMA PUBLIC
DISCONNECT
/*C146*/SET SCHEMA PUBLIC
DISCONNECT
/*C145*/SET SCHEMA PUBLIC
DISCONNECT
/*C147*/SET SCHEMA PUBLIC
DISCONNECT
/*C148*/SET SCHEMA PUBLIC
DISCONNECT
/*C149*/SET SCHEMA PUBLIC
DISCONNECT
/*C150*/SET SCHEMA PUBLIC
DISCONNECT
/*C152*/SET SCHEMA PUBLIC
DISCONNECT
/*C151*/SET SCHEMA PUBLIC
DISCONNECT
/*C153*/SET SCHEMA PUBLIC
DISCONNECT
/*C154*/SET SCHEMA PUBLIC
DISCONNECT
/*C155*/SET SCHEMA PUBLIC
DISCONNECT
/*C156*/SET SCHEMA PUBLIC
DISCONNECT
/*C158*/SET SCHEMA PUBLIC
DISCONNECT
/*C159*/SET SCHEMA PUBLIC
DISCONNECT
/*C160*/SET SCHEMA PUBLIC
DISCONNECT
/*C161*/SET SCHEMA PUBLIC
DISCONNECT
/*C157*/SET SCHEMA PUBLIC
DISCONNECT
/*C162*/SET SCHEMA PUBLIC
DISCONNECT
/*C163*/SET SCHEMA PUBLIC
DISCONNECT
/*C164*/SET SCHEMA PUBLIC
DISCONNECT
